<?xml version="1.0" encoding="UTF-8"?>
<!-- Generated by org.testng.reporters.JUnitXMLReporter -->
<testsuite ignored="0" hostname="DESKTOP-HHQ3HI3" failures="0" tests="4" name="Test" time="0.061" errors="0" timestamp="2026-05-04T11:16:52 IST">
  <testcase classname="pack_1.ContactTest" name="createContactTest" time="0.007"/>
  <testcase classname="pack_1.ContactTest" name="modifyContactTest" time="0.001"/>
  <testcase classname="pack_2.OrgTest" name="createOrgTest" time="0.0"/>
  <testcase classname="pack_2.OrgTest" name="modifyorgTest" time="0.001"/>
</testsuite> <!-- Test -->
