<?xml version="1.0" encoding="UTF-8"?>
<testsuite xmlns:xsi="http://www.w3.org/2001/XMLSchema-instance" xsi:noNamespaceSchemaLocation="https://maven.apache.org/surefire/maven-surefire-plugin/xsd/surefire-test-report.xsd" version="3.0.2" name="TestSuite" time="0.707" tests="4" errors="0" skipped="0" failures="0" flakes="0">
  <properties>
[...]
</properties>
  <testcase name="createContactTest" classname="pack_1.ContactTest" time="0.011">
    <system-out><![CDATA[http://testenv.com
chrome
admin
admin
execute cratecontactTest
]]></system-out>
    <system-err><![CDATA[SLF4J: Failed to load class "org.slf4j.impl.StaticLoggerBinder".
SLF4J: Defaulting to no-operation (NOP) logger implementation
SLF4J: See http://www.slf4j.org/codes.html#StaticLoggerBinder for further details.
]]></system-err>
  </testcase>
  <testcase name="modifyContactTest" classname="pack_1.ContactTest" time="0.004">
    <system-out><![CDATA[execute ModifyContactTest
]]></system-out>
  </testcase>
  <testcase name="createOrgTest" classname="pack_2.OrgTest" time="0.001">
    <system-out><![CDATA[execute crateorgTest
]]></system-out>
  </testcase>
  <testcase name="modifyorgTest" classname="pack_2.OrgTest" time="0.001">
    <system-out><![CDATA[execute ModifyorgTest
]]></system-out>
  </testcase>
</testsuite>